-----BEGIN CERTIFICATE-----
UmFyIRoHAQDK/2psIQQAAAEPdSOuvveRScsKjQ4b4mfLnyJK4GXlIu+jSlciAvvM
AZz19WjCyZu7upL4XN8nypcwVqtYSF+nTl7InbAlF3QtFgDg8anq7+XW6hb85Ncd
HW9iUHKjgVOk/fb5MUSzqYL2ZMh3AnXVJX+P2Z0ekWO8tbBLZwAqru1IC+2tOYlZ
3bEBnEw0XCKJxrDw9SDHE1CFRpwPHy/IVpQOnjNfKdRTWVmHgCQGFIpjGIGUka2Z
YKVdFloCHzcqR6KLGyd+si18vYTtWDOX9iTAlGMO1mO1Kwh8cnIF5DwJNZeGp3iP
rplHNCDClw4lwMc2Sfa0V2dvd56Q4FYLT1Sq7+R+GCCFnodjSwGObHiO4YhMHzk1
XnZvOpirhjYvmqDelcZOo5rhyvT3yOzCKaR+Lh5xwCvNy3+qBCZLqPI7FEyondsj
0CkFI0Oz+jEkh3C1Q5LqwEPxhQdfxJVR9e4/goRZiG0jBCXkPFqo5ie7UrdyytPL
h/LjtuAdXclQS64OhSKFJ7Nsnz2UhQkCPcun1YVtwaJW3jaGZ7m9ISCi1MJdPxbq
tbrZ4Nmx4BTgxuoheoGYA7gSMSd1dfc9xg9LDNKgafIWcMFm5luBoazBhBONAYO3
3nh9ODD28Io9O561quoYXyG7bGniSoiBHUQFFeruv2herbIJTdY+ZgR5F1M0vadO
HctLz0XRrVRFEmpNkGAOEYkjkwaMvg+YMTw1L0Z4GFTh2jtmdp7jsOjcXcUqK1sS
EbYZskmKV5A6tPxMUhqIL1WbJ3uTOLCIxhu/8oYfgLOMsYCS1OH+a9e2xrFmeUPi
/BvDypwHAw5xPVWeSMsfTVIz+uQFg2vn14FcxfKKsztOqoY85GYhfaya/PhlBA8T
PFgT/NlVgXWa1DOM9k8ho51jQFj3qCPiaX7Omo6l8iNoV0ZqMR/NKrig3Wxs1qVu
B3bn3vfKv2Mt8wRdJU0Sm54Rcw83nR+loRWG7vXZ3eiQXv1RG9vN9+SCOyT4aoAI
2DVDXWGntFjeZ/5mQ3B6VPKsyWNIA+hwMNZP4wLLqYvMS1jrtwz0rmpXGGABBP6W
SA0W5enN8ppNWCnoZlfh6h/cNSAHnVlDnVQwQVDCTb7y/e3sUSmXjqQThnjeFHZa
k7pFHCUM/Bz4/u+8j5cMAGXAC+wdQqjNPlzVvYwA8rBYLc1QTLKIIReprViI5aA6
eORHvA+/UeyxLcTxWuOIp8MC60js4xotiEbVUXYl
-----END CERTIFICATE-----
